<?xml version="1.0" encoding="UTF-8"?>
<!-- Generated by org.testng.reporters.JUnitReportReporter -->
<testsuite hostname="LAPTOP-BIM2FR3V" failures="0" tests="3" name="testScenarios.DP" time="0.005" errors="0" timestamp="2025-05-02T17:14:51 IST" skipped="0">
  <testcase classname="testScenarios.DP" name="login" time="0.001"/>
  <system-out/>
  <testcase classname="testScenarios.DP" name="login" time="0.003"/>
  <system-out/>
  <testcase classname="testScenarios.DP" name="login" time="0.001"/>
  <system-out/>
</testsuite> <!-- testScenarios.DP -->
