<?xml version="1.0" encoding="UTF-8"?>
<!-- Generated by org.testng.reporters.JUnitReportReporter -->
<testsuite hostname="LAPTOP-BIM2FR3V" failures="0" tests="3" name="testScenarios.CompareWecTable" time="7.537" errors="0" timestamp="2025-05-02T17:14:51 IST" skipped="0">
  <testcase classname="testScenarios.CompareWecTable" name="readFrmTxtFile" time="0.004"/>
  <system-out/>
  <testcase classname="testScenarios.CompareWecTable" name="readFrmWebTb" time="7.532"/>
  <system-out/>
  <testcase classname="testScenarios.CompareWecTable" name="compare" time="0.001"/>
  <system-out/>
</testsuite> <!-- testScenarios.CompareWecTable -->
