<?xml version="1.0" encoding="UTF-8"?>
<!-- Generated by org.testng.reporters.JUnitReportReporter -->
<testsuite hostname="LAPTOP-BIM2FR3V" failures="0" tests="4" name="testScenarios.Rediff" time="9.449" errors="0" timestamp="2025-05-02T17:14:51 IST" skipped="1">
  <testcase classname="testScenarios.Rediff" name="openBrowser" time="7.512"/>
  <system-out/>
  <testcase classname="testScenarios.Rediff" name="loginRediff" time="0.520"/>
  <system-out/>
  <testcase classname="testScenarios.Rediff" name="closeBrowser" time="1.417"/>
  <system-out/>
  <testcase classname="testScenarios.Rediff" name="loginRediff1">
    <skipped/>
  </testcase> <!-- loginRediff1 -->
  <system-out/>
</testsuite> <!-- testScenarios.Rediff -->
