<?xml version="1.0" encoding="UTF-8"?>
<!-- Generated by org.testng.reporters.JUnitReportReporter -->
<testsuite hostname="LAPTOP-BIM2FR3V" failures="0" tests="1" name="testScenarios.MouseHover" time="9.407" errors="0" timestamp="2025-05-02T17:14:51 IST" skipped="0">
  <testcase classname="testScenarios.MouseHover" name="dragAndDrop" time="9.407"/>
  <system-out/>
</testsuite> <!-- testScenarios.MouseHover -->
