<?xml version="1.0" encoding="UTF-8"?>
<!-- Generated by org.testng.reporters.JUnitReportReporter -->
<testsuite hostname="LAPTOP-BIM2FR3V" failures="0" tests="1" name="testScenarios.ReadFrmWebTable" time="28.273" errors="0" timestamp="2025-05-02T17:14:51 IST" skipped="0">
  <testcase classname="testScenarios.ReadFrmWebTable" name="ReadwebTable" time="28.273"/>
  <system-out/>
</testsuite> <!-- testScenarios.ReadFrmWebTable -->
