<?xml version="1.0" encoding="UTF-8"?>
<!-- Generated by org.testng.reporters.JUnitReportReporter -->
<testsuite hostname="LAPTOP-BIM2FR3V" failures="0" tests="1" name="testScenarios.MoudeHover" time="5.607" errors="0" timestamp="2025-05-01T17:22:10 IST" skipped="0">
  <testcase classname="testScenarios.MoudeHover" name="dragAndDrop" time="5.607"/>
  <system-out/>
</testsuite> <!-- testScenarios.MoudeHover -->
