<?xml version="1.0" encoding="UTF-8"?>
<!-- Generated by org.testng.reporters.JUnitReportReporter -->
<testsuite hostname="LAPTOP-BIM2FR3V" failures="0" tests="1" name="testScenarios.ReadFrmWebTable" time="10.507" errors="0" timestamp="2025-05-05T16:56:50 IST" skipped="0">
  <testcase classname="testScenarios.ReadFrmWebTable" name="ReadwebTable" time="10.507"/>
</testsuite> <!-- testScenarios.ReadFrmWebTable -->
