<?xml version="1.0" encoding="UTF-8"?>
<!-- Generated by org.testng.reporters.JUnitReportReporter -->
<testsuite hostname="LAPTOP-BIM2FR3V" failures="0" tests="3" name="testScenarios.DP" time="0.015" errors="0" timestamp="2025-05-05T16:56:50 IST" skipped="0">
  <testcase classname="testScenarios.DP" name="login" time="0.004"/>
  <testcase classname="testScenarios.DP" name="login" time="0.009"/>
  <testcase classname="testScenarios.DP" name="login" time="0.002"/>
</testsuite> <!-- testScenarios.DP -->
