<?xml version="1.0" encoding="UTF-8"?>
<!-- Generated by org.testng.reporters.JUnitReportReporter -->
<testsuite hostname="LAPTOP-BIM2FR3V" failures="0" tests="3" name="testScenarios.CompareWecTable" time="5.370" errors="0" timestamp="2025-05-05T16:56:50 IST" skipped="0">
  <testcase classname="testScenarios.CompareWecTable" name="readFrmTxtFile" time="0.002"/>
  <testcase classname="testScenarios.CompareWecTable" name="readFrmWebTb" time="5.368"/>
  <testcase classname="testScenarios.CompareWecTable" name="compare" time="0.000"/>
</testsuite> <!-- testScenarios.CompareWecTable -->
