<?xml version="1.0" encoding="UTF-8"?>
<!-- Generated by org.testng.reporters.JUnitReportReporter -->
<testsuite hostname="LAPTOP-BIM2FR3V" failures="0" tests="4" name="testScenarios.Rediff" time="8.092" errors="0" timestamp="2025-05-05T16:56:50 IST" skipped="1">
  <testcase classname="testScenarios.Rediff" name="openBrowser" time="6.173"/>
  <testcase classname="testScenarios.Rediff" name="loginRediff" time="0.489"/>
  <testcase classname="testScenarios.Rediff" name="closeBrowser" time="1.430"/>
  <testcase classname="testScenarios.Rediff" name="loginRediff1">
    <skipped/>
  </testcase> <!-- loginRediff1 -->
</testsuite> <!-- testScenarios.Rediff -->
