<?xml version="1.0" encoding="UTF-8"?>
<!-- Generated by org.testng.reporters.JUnitReportReporter -->
<testsuite hostname="LAPTOP-BIM2FR3V" failures="0" tests="1" name="testScenarios.ThruTextFile" time="0.003" errors="0" timestamp="2025-05-05T16:56:50 IST" skipped="0">
  <testcase classname="testScenarios.ThruTextFile" name="readFrmTextFile" time="0.003"/>
</testsuite> <!-- testScenarios.ThruTextFile -->
